In file included from ../src/bufferutil.cc:15:0:
/home/yetsu/Projects/consama-front/node_modules/webpack-dev-server/node_modules/socket.io-client/node_modules/engine.io-client/node_modules/ws/node_modules/nan/nan.h: In function ‘void NanThrowError(const char*)’:
/home/yetsu/Projects/consama-front/node_modules/webpack-dev-server/node_modules/socket.io-client/node_modules/engine.io-client/node_modules/ws/node_modules/nan/nan.h:213:5: error: ‘ThrowException’ is not a member of ‘v8’
/home/yetsu/Projects/consama-front/node_modules/webpack-dev-server/node_modules/socket.io-client/node_modules/engine.io-client/node_modules/ws/node_modules/nan/nan.h:213:5: error: ‘New’ is not a member of ‘v8::String’
/home/yetsu/Projects/consama-front/node_modules/webpack-dev-server/node_modules/socket.io-client/node_modules/engine.io-client/node_modules/ws/node_modules/nan/nan.h: In function ‘void NanThrowError(v8::Handle<v8::Value>)’:
/home/yetsu/Projects/consama-front/node_modules/webpack-dev-server/node_modules/socket.io-client/node_modules/engine.io-client/node_modules/ws/node_modules/nan/nan.h:218:5: error: ‘ThrowException’ is not a member of ‘v8’
/home/yetsu/Projects/consama-front/node_modules/webpack-dev-server/node_modules/socket.io-client/node_modules/engine.io-client/node_modules/ws/node_modules/nan/nan.h: In function ‘void NanThrowError(const char*, int)’:
/home/yetsu/Projects/consama-front/node_modules/webpack-dev-server/node_modules/socket.io-client/node_modules/engine.io-client/node_modules/ws/node_modules/nan/nan.h:222:53: error: ‘New’ is not a member of ‘v8::String’
/home/yetsu/Projects/consama-front/node_modules/webpack-dev-server/node_modules/socket.io-client/node_modules/engine.io-client/node_modules/ws/node_modules/nan/nan.h:224:14: error: ‘New’ is not a member of ‘v8::String’
/home/yetsu/Projects/consama-front/node_modules/webpack-dev-server/node_modules/socket.io-client/node_modules/engine.io-client/node_modules/ws/node_modules/nan/nan.h:224:65: error: no matching function for call to ‘v8::Int32::New(const int&)’
/home/yetsu/Projects/consama-front/node_modules/webpack-dev-server/node_modules/socket.io-client/node_modules/engine.io-client/node_modules/ws/node_modules/nan/nan.h:224:65: note: candidate is:
/home/yetsu/.node-gyp/0.12.2/deps/v8/include/v8.h:2012:25: note: static v8::Local<v8::Integer> v8::Integer::New(v8::Isolate*, int32_t)
/home/yetsu/.node-gyp/0.12.2/deps/v8/include/v8.h:2012:25: note:   candidate expects 2 arguments, 1 provided
/home/yetsu/Projects/consama-front/node_modules/webpack-dev-server/node_modules/socket.io-client/node_modules/engine.io-client/node_modules/ws/node_modules/nan/nan.h: In function ‘void NanThrowTypeError(const char*)’:
/home/yetsu/Projects/consama-front/node_modules/webpack-dev-server/node_modules/socket.io-client/node_modules/engine.io-client/node_modules/ws/node_modules/nan/nan.h:229:5: error: ‘ThrowException’ is not a member of ‘v8’
/home/yetsu/Projects/consama-front/node_modules/webpack-dev-server/node_modules/socket.io-client/node_modules/engine.io-client/node_modules/ws/node_modules/nan/nan.h:229:5: error: ‘New’ is not a member of ‘v8::String’
/home/yetsu/Projects/consama-front/node_modules/webpack-dev-server/node_modules/socket.io-client/node_modules/engine.io-client/node_modules/ws/node_modules/nan/nan.h: In function ‘void NanThrowRangeError(const char*)’:
/home/yetsu/Projects/consama-front/node_modules/webpack-dev-server/node_modules/socket.io-client/node_modules/engine.io-client/node_modules/ws/node_modules/nan/nan.h:233:5: error: ‘ThrowException’ is not a member of ‘v8’
/home/yetsu/Projects/consama-front/node_modules/webpack-dev-server/node_modules/socket.io-client/node_modules/engine.io-client/node_modules/ws/node_modules/nan/nan.h:233:5: error: ‘New’ is not a member of ‘v8::String’
/home/yetsu/Projects/consama-front/node_modules/webpack-dev-server/node_modules/socket.io-client/node_modules/engine.io-client/node_modules/ws/node_modules/nan/nan.h: In constructor ‘NanCallback::NanCallback(const v8::Local<v8::Function>&)’:
/home/yetsu/Projects/consama-front/node_modules/webpack-dev-server/node_modules/socket.io-client/node_modules/engine.io-client/node_modules/ws/node_modules/nan/nan.h:450:49: error: no matching function for call to ‘v8::Object::New()’
/home/yetsu/Projects/consama-front/node_modules/webpack-dev-server/node_modules/socket.io-client/node_modules/engine.io-client/node_modules/ws/node_modules/nan/nan.h:450:49: note: candidate is:
/home/yetsu/.node-gyp/0.12.2/deps/v8/include/v8.h:2388:24: note: static v8::Local<v8::Object> v8::Object::New(v8::Isolate*)
/home/yetsu/.node-gyp/0.12.2/deps/v8/include/v8.h:2388:24: note:   candidate expects 1 argument, 0 provided
/home/yetsu/Projects/consama-front/node_modules/webpack-dev-server/node_modules/socket.io-client/node_modules/engine.io-client/node_modules/ws/node_modules/nan/nan.h:451:14: error: ‘NewSymbol’ is not a member of ‘v8::String’
/home/yetsu/Projects/consama-front/node_modules/webpack-dev-server/node_modules/socket.io-client/node_modules/engine.io-client/node_modules/ws/node_modules/nan/nan.h: In destructor ‘NanCallback::~NanCallback()’:
/home/yetsu/Projects/consama-front/node_modules/webpack-dev-server/node_modules/socket.io-client/node_modules/engine.io-client/node_modules/ws/node_modules/nan/nan.h:457:12: error: ‘class v8::Persistent<v8::Object>’ has no member named ‘Dispose’
/home/yetsu/Projects/consama-front/node_modules/webpack-dev-server/node_modules/socket.io-client/node_modules/engine.io-client/node_modules/ws/node_modules/nan/nan.h:458:12: error: ‘class v8::Persistent<v8::Object>’ has no member named ‘Clear’
/home/yetsu/Projects/consama-front/node_modules/webpack-dev-server/node_modules/socket.io-client/node_modules/engine.io-client/node_modules/ws/node_modules/nan/nan.h: In member function ‘v8::Local<v8::Function> NanCallback::GetFunction()’:
/home/yetsu/Projects/consama-front/node_modules/webpack-dev-server/node_modules/socket.io-client/node_modules/engine.io-client/node_modules/ws/node_modules/nan/nan.h:462:46: error: ‘NewSymbol’ is not a member of ‘v8::String’
/home/yetsu/Projects/consama-front/node_modules/webpack-dev-server/node_modules/socket.io-client/node_modules/engine.io-client/node_modules/ws/node_modules/nan/nan.h:463:25: error: expected primary-expression before ‘>’ token
/home/yetsu/Projects/consama-front/node_modules/webpack-dev-server/node_modules/socket.io-client/node_modules/engine.io-client/node_modules/ws/node_modules/nan/nan.h:463:27: error: expected primary-expression before ‘)’ token
/home/yetsu/Projects/consama-front/node_modules/webpack-dev-server/node_modules/socket.io-client/node_modules/engine.io-client/node_modules/ws/node_modules/nan/nan.h: In member function ‘void NanCallback::Call(int, v8::Local<v8::Value>*)’:
/home/yetsu/Projects/consama-front/node_modules/webpack-dev-server/node_modules/socket.io-client/node_modules/engine.io-client/node_modules/ws/node_modules/nan/nan.h:475:12: error: ‘NewSymbol’ is not a member of ‘v8::String’
/home/yetsu/Projects/consama-front/node_modules/webpack-dev-server/node_modules/socket.io-client/node_modules/engine.io-client/node_modules/ws/node_modules/nan/nan.h:475:50: error: expected primary-expression before ‘>’ token
/home/yetsu/Projects/consama-front/node_modules/webpack-dev-server/node_modules/socket.io-client/node_modules/engine.io-client/node_modules/ws/node_modules/nan/nan.h:475:52: error: expected primary-expression before ‘)’ token
/home/yetsu/Projects/consama-front/node_modules/webpack-dev-server/node_modules/socket.io-client/node_modules/engine.io-client/node_modules/ws/node_modules/nan/nan.h:477:20: error: ‘GetCurrent’ is not a member of ‘v8::Context’
/home/yetsu/Projects/consama-front/node_modules/webpack-dev-server/node_modules/socket.io-client/node_modules/engine.io-client/node_modules/ws/node_modules/nan/nan.h: At global scope:
/home/yetsu/Projects/consama-front/node_modules/webpack-dev-server/node_modules/socket.io-client/node_modules/engine.io-client/node_modules/ws/node_modules/nan/nan.h:518:3: error: ‘uv_work_t’ does not name a type
/home/yetsu/Projects/consama-front/node_modules/webpack-dev-server/node_modules/socket.io-client/node_modules/engine.io-client/node_modules/ws/node_modules/nan/nan.h: In constructor ‘NanAsyncWorker::NanAsyncWorker(NanCallback*)’:
/home/yetsu/Projects/consama-front/node_modules/webpack-dev-server/node_modules/socket.io-client/node_modules/engine.io-client/node_modules/ws/node_modules/nan/nan.h:490:5: error: ‘request’ was not declared in this scope
/home/yetsu/Projects/consama-front/node_modules/webpack-dev-server/node_modules/socket.io-client/node_modules/engine.io-client/node_modules/ws/node_modules/nan/nan.h: In member function ‘void NanAsyncWorker::SavePersistent(const char*, v8::Local<v8::Object>&)’:
/home/yetsu/Projects/consama-front/node_modules/webpack-dev-server/node_modules/socket.io-client/node_modules/engine.io-client/node_modules/ws/node_modules/nan/nan.h:529:17: error: ‘NewSymbol’ is not a member of ‘v8::String’
/home/yetsu/Projects/consama-front/node_modules/webpack-dev-server/node_modules/socket.io-client/node_modules/engine.io-client/node_modules/ws/node_modules/nan/nan.h: In member function ‘v8::Local<v8::Object> NanAsyncWorker::GetFromPersistent(const char*)’:
/home/yetsu/Projects/consama-front/node_modules/webpack-dev-server/node_modules/socket.io-client/node_modules/engine.io-client/node_modules/ws/node_modules/nan/nan.h:536:24: error: ‘NewSymbol’ is not a member of ‘v8::String’
/home/yetsu/Projects/consama-front/node_modules/webpack-dev-server/node_modules/socket.io-client/node_modules/engine.io-client/node_modules/ws/node_modules/nan/nan.h:536:53: error: expected primary-expression before ‘>’ token
/home/yetsu/Projects/consama-front/node_modules/webpack-dev-server/node_modules/socket.io-client/node_modules/engine.io-client/node_modules/ws/node_modules/nan/nan.h:536:55: error: expected primary-expression before ‘)’ token
/home/yetsu/Projects/consama-front/node_modules/webpack-dev-server/node_modules/socket.io-client/node_modules/engine.io-client/node_modules/ws/node_modules/nan/nan.h: In member function ‘virtual void NanAsyncWorker::HandleErrorCallback()’:
/home/yetsu/Projects/consama-front/node_modules/webpack-dev-server/node_modules/socket.io-client/node_modules/engine.io-client/node_modules/ws/node_modules/nan/nan.h:549:30: error: ‘New’ is not a member of ‘v8::String’
/home/yetsu/Projects/consama-front/node_modules/webpack-dev-server/node_modules/socket.io-client/node_modules/engine.io-client/node_modules/ws/node_modules/nan/nan.h: At global scope:
/home/yetsu/Projects/consama-front/node_modules/webpack-dev-server/node_modules/socket.io-client/node_modules/engine.io-client/node_modules/ws/node_modules/nan/nan.h:555:30: error: variable or field ‘NanAsyncExecute’ declared void
/home/yetsu/Projects/consama-front/node_modules/webpack-dev-server/node_modules/socket.io-client/node_modules/engine.io-client/node_modules/ws/node_modules/nan/nan.h:555:30: error: ‘uv_work_t’ was not declared in this scope
/home/yetsu/Projects/consama-front/node_modules/webpack-dev-server/node_modules/socket.io-client/node_modules/engine.io-client/node_modules/ws/node_modules/nan/nan.h:555:41: error: ‘req’ was not declared in this scope
/home/yetsu/Projects/consama-front/node_modules/webpack-dev-server/node_modules/socket.io-client/node_modules/engine.io-client/node_modules/ws/node_modules/nan/nan.h:560:38: error: variable or field ‘NanAsyncExecuteComplete’ declared void
/home/yetsu/Projects/consama-front/node_modules/webpack-dev-server/node_modules/socket.io-client/node_modules/engine.io-client/node_modules/ws/node_modules/nan/nan.h:560:38: error: ‘uv_work_t’ was not declared in this scope
/home/yetsu/Projects/consama-front/node_modules/webpack-dev-server/node_modules/socket.io-client/node_modules/engine.io-client/node_modules/ws/node_modules/nan/nan.h:560:49: error: ‘req’ was not declared in this scope
/home/yetsu/Projects/consama-front/node_modules/webpack-dev-server/node_modules/socket.io-client/node_modules/engine.io-client/node_modules/ws/node_modules/nan/nan.h: In function ‘void NanAsyncQueueWorker(NanAsyncWorker*)’:
/home/yetsu/Projects/consama-front/node_modules/webpack-dev-server/node_modules/socket.io-client/node_modules/engine.io-client/node_modules/ws/node_modules/nan/nan.h:568:23: error: ‘uv_default_loop’ was not declared in this scope
/home/yetsu/Projects/consama-front/node_modules/webpack-dev-server/node_modules/socket.io-client/node_modules/engine.io-client/node_modules/ws/node_modules/nan/nan.h:569:16: error: ‘class NanAsyncWorker’ has no member named ‘request’
/home/yetsu/Projects/consama-front/node_modules/webpack-dev-server/node_modules/socket.io-client/node_modules/engine.io-client/node_modules/ws/node_modules/nan/nan.h:570:7: error: ‘NanAsyncExecute’ was not declared in this scope
/home/yetsu/Projects/consama-front/node_modules/webpack-dev-server/node_modules/socket.io-client/node_modules/engine.io-client/node_modules/ws/node_modules/nan/nan.h:571:8: error: ‘uv_after_work_cb’ was not declared in this scope
/home/yetsu/Projects/consama-front/node_modules/webpack-dev-server/node_modules/socket.io-client/node_modules/engine.io-client/node_modules/ws/node_modules/nan/nan.h:572:3: error: ‘uv_queue_work’ was not declared in this scope
/home/yetsu/Projects/consama-front/node_modules/webpack-dev-server/node_modules/socket.io-client/node_modules/engine.io-client/node_modules/ws/node_modules/nan/nan.h: In function ‘bool _NanGetExternalParts(v8::Handle<v8::Value>, const char**, size_t*)’:
/home/yetsu/Projects/consama-front/node_modules/webpack-dev-server/node_modules/socket.io-client/node_modules/engine.io-client/node_modules/ws/node_modules/nan/nan.h:716:78: error: no matching function for call to ‘v8::Local<v8::String>::New(v8::Handle<v8::String>)’
/home/yetsu/Projects/consama-front/node_modules/webpack-dev-server/node_modules/socket.io-client/node_modules/engine.io-client/node_modules/ws/node_modules/nan/nan.h:716:78: note: candidates are:
/home/yetsu/.node-gyp/0.12.2/deps/v8/include/v8.h:368:29: note: static v8::Local<T> v8::Local<T>::New(v8::Isolate*, v8::Handle<T>) [with T = v8::String]
/home/yetsu/.node-gyp/0.12.2/deps/v8/include/v8.h:368:29: note:   candidate expects 2 arguments, 1 provided
/home/yetsu/.node-gyp/0.12.2/deps/v8/include/v8.h:369:29: note: static v8::Local<T> v8::Local<T>::New(v8::Isolate*, const v8::PersistentBase<T>&) [with T = v8::String]
/home/yetsu/.node-gyp/0.12.2/deps/v8/include/v8.h:369:29: note:   candidate expects 2 arguments, 1 provided
/home/yetsu/.node-gyp/0.12.2/deps/v8/include/v8.h:391:29: note: static v8::Local<T> v8::Local<T>::New(v8::Isolate*, T*) [with T = v8::String]
/home/yetsu/.node-gyp/0.12.2/deps/v8/include/v8.h:391:29: note:   candidate expects 2 arguments, 1 provided
/home/yetsu/Projects/consama-front/node_modules/webpack-dev-server/node_modules/socket.io-client/node_modules/engine.io-client/node_modules/ws/node_modules/nan/nan.h: In function ‘char* NanFromV8String(v8::Handle<v8::Value>, Nan::Encoding, size_t*, char*, size_t, int)’:
/home/yetsu/Projects/consama-front/node_modules/webpack-dev-server/node_modules/socket.io-client/node_modules/engine.io-client/node_modules/ws/node_modules/nan/nan.h:769:3: error: ‘AsciiValue’ is not a member of ‘v8::String’
/home/yetsu/Projects/consama-front/node_modules/webpack-dev-server/node_modules/socket.io-client/node_modules/engine.io-client/node_modules/ws/node_modules/nan/nan.h:769:26: error: expected ‘;’ before ‘value’
/home/yetsu/Projects/consama-front/node_modules/webpack-dev-server/node_modules/socket.io-client/node_modules/engine.io-client/node_modules/ws/node_modules/nan/nan.h:832:39: error: ‘value’ was not declared in this scope
../src/bufferutil.cc: In static member function ‘static void BufferUtil::Initialize(v8::Handle<v8::Object>)’:
../src/bufferutil.cc:27:58: error: no matching function for call to ‘v8::FunctionTemplate::New(void (&)(const v8::FunctionCallbackInfo<v8::Value>&))’
../src/bufferutil.cc:27:58: note: candidate is:
/home/yetsu/.node-gyp/0.12.2/deps/v8/include/v8.h:3455:34: note: static v8::Local<v8::FunctionTemplate> v8::FunctionTemplate::New(v8::Isolate*, v8::FunctionCallback, v8::Handle<v8::Value>, v8::Handle<v8::Signature>, int)
/home/yetsu/.node-gyp/0.12.2/deps/v8/include/v8.h:3455:34: note:   no known conversion for argument 1 from ‘void(const v8::FunctionCallbackInfo<v8::Value>&)’ to ‘v8::Isolate*’
../src/bufferutil.cc:32:17: error: ‘NewSymbol’ is not a member of ‘v8::String’
../src/bufferutil.cc: In static member function ‘static void BufferUtil::Merge(const v8::FunctionCallbackInfo<v8::Value>&)’:
../src/bufferutil.cc:60:5: error: too few arguments to function ‘v8::Handle<v8::Boolean> v8::True(v8::Isolate*)’
/home/yetsu/.node-gyp/0.12.2/deps/v8/include/v8.h:6624:17: note: declared here
../src/bufferutil.cc:60:5: error: return-statement with a value, in function returning 'void' [-fpermissive]
../src/bufferutil.cc: In static member function ‘static void BufferUtil::Unmask(const v8::FunctionCallbackInfo<v8::Value>&)’:
../src/bufferutil.cc:81:5: error: too few arguments to function ‘v8::Handle<v8::Boolean> v8::True(v8::Isolate*)’
/home/yetsu/.node-gyp/0.12.2/deps/v8/include/v8.h:6624:17: note: declared here
../src/bufferutil.cc:81:5: error: return-statement with a value, in function returning 'void' [-fpermissive]
../src/bufferutil.cc: In static member function ‘static void BufferUtil::Mask(const v8::FunctionCallbackInfo<v8::Value>&)’:
../src/bufferutil.cc:106:5: error: too few arguments to function ‘v8::Handle<v8::Boolean> v8::True(v8::Isolate*)’
/home/yetsu/.node-gyp/0.12.2/deps/v8/include/v8.h:6624:17: note: declared here
../src/bufferutil.cc:106:5: error: return-statement with a value, in function returning 'void' [-fpermissive]
In file included from ../src/bufferutil.cc:15:0:
/home/yetsu/Projects/consama-front/node_modules/webpack-dev-server/node_modules/socket.io-client/node_modules/engine.io-client/node_modules/ws/node_modules/nan/nan.h: In function ‘void NanDispose(v8::Persistent<T, v8::NonCopyablePersistentTraits<T> >&) [with T = v8::Object]’:
/home/yetsu/Projects/consama-front/node_modules/webpack-dev-server/node_modules/socket.io-client/node_modules/engine.io-client/node_modules/ws/node_modules/nan/nan.h:498:34:   instantiated from here
/home/yetsu/Projects/consama-front/node_modules/webpack-dev-server/node_modules/socket.io-client/node_modules/engine.io-client/node_modules/ws/node_modules/nan/nan.h:237:5: error: ‘class v8::Persistent<v8::Object>’ has no member named ‘Dispose’
/home/yetsu/Projects/consama-front/node_modules/webpack-dev-server/node_modules/socket.io-client/node_modules/engine.io-client/node_modules/ws/node_modules/nan/nan.h:238:5: error: ‘class v8::Persistent<v8::Object>’ has no member named ‘Clear’
make: *** [Release/obj.target/bufferutil/src/bufferutil.o] Error 1
gyp ERR! build error 
gyp ERR! stack Error: `make` failed with exit code: 2
gyp ERR! stack     at ChildProcess.onExit (/home/yetsu/.nvm/versions/node/v0.12.2/lib/node_modules/npm/node_modules/node-gyp/lib/build.js:269:23)
gyp ERR! stack     at ChildProcess.emit (events.js:110:17)
gyp ERR! stack     at Process.ChildProcess._handle.onexit (child_process.js:1074:12)
gyp ERR! System Linux 3.2.0-51-generic
gyp ERR! command "node" "/home/yetsu/.nvm/versions/node/v0.12.2/lib/node_modules/npm/node_modules/node-gyp/bin/node-gyp.js" "rebuild"
gyp ERR! cwd /home/yetsu/Projects/consama-front/node_modules/webpack-dev-server/node_modules/socket.io-client/node_modules/engine.io-client/node_modules/ws
gyp ERR! node -v v0.12.2
gyp ERR! node-gyp -v v1.0.3
gyp ERR! not ok 
